d:\projectroot\cppproj\melon\x64\debug\vc142.pdb
d:\projectroot\cppproj\melon\x64\debug\vc142.idb
d:\projectroot\cppproj\melon\x64\debug\glad.obj
d:\projectroot\cppproj\melon\x64\debug\test.obj
d:\projectroot\cppproj\melon\x64\debug\stb_image.obj
d:\projectroot\cppproj\melon\x64\debug\windowing.obj
d:\projectroot\cppproj\melon\x64\debug\rendering.obj
d:\projectroot\cppproj\melon\x64\debug\resourceloader.obj
d:\projectroot\cppproj\melon\x64\debug\system.obj
d:\projectroot\cppproj\melon\x64\debug\helpers.obj
d:\projectroot\cppproj\melon\x64\debug\rendering2.obj
d:\projectroot\cppproj\melon\x64\debug\math.obj
d:\projectroot\cppproj\melon\x64\debug\melon.obj
d:\projectroot\cppproj\melon\x64\debug\melon.exe
d:\projectroot\cppproj\melon\x64\debug\melon.ilk
d:\projectroot\cppproj\melon\x64\debug\melon.pdb
d:\projectroot\cppproj\melon\x64\debug\test.obj.enc
d:\projectroot\cppproj\melon\x64\debug\melon.tlog\cl.command.1.tlog
d:\projectroot\cppproj\melon\x64\debug\melon.tlog\cl.read.1.tlog
d:\projectroot\cppproj\melon\x64\debug\melon.tlog\cl.write.1.tlog
d:\projectroot\cppproj\melon\x64\debug\melon.tlog\link.command.1.tlog
d:\projectroot\cppproj\melon\x64\debug\melon.tlog\link.read.1.tlog
d:\projectroot\cppproj\melon\x64\debug\melon.tlog\link.write.1.tlog
